
> frontend@0.0.0 build
> tsc -b && vite build

src/App.tsx(2,59): error TS6133: 'useLocation' is declared but its value is never read.
src/App.tsx(8,1): error TS6133: 'ClusteringWorkspace' is declared but its value is never read.
src/App.tsx(10,1): error TS6133: 'NAVIGATION_TABS' is declared but its value is never read.
src/features/dashboard/AnalysisDashboard.tsx(56,12): error TS6133: 'searchParams' is declared but its value is never read.
src/features/dashboard/AnalysisDashboard.tsx(80,30): error TS6133: 'setSidebarCollapsed' is declared but its value is never read.
src/features/dashboard/AnalyzerStatusPanel.tsx(4,20): error TS2307: Cannot find module '@/shared/Button' or its corresponding type declarations.
src/features/dashboard/AnalyzerStatusPanel.tsx(5,18): error TS2307: Cannot find module '@/shared/Card' or its corresponding type declarations.
src/features/dashboard/AnalyzerStatusPanel.tsx(6,19): error TS2307: Cannot find module '@/shared/Badge' or its corresponding type declarations.
src/features/dashboard/DomainOverviewWidget.tsx(5,18): error TS2307: Cannot find module '@/shared/Card' or its corresponding type declarations.
src/features/dashboard/RiskSignalsWidget.tsx(5,18): error TS2307: Cannot find module '@/shared/Card' or its corresponding type declarations.
src/features/dashboard/RiskSignalsWidget.tsx(6,19): error TS2307: Cannot find module '@/shared/Badge' or its corresponding type declarations.
src/features/deps/CircularDeps.tsx(4,18): error TS2307: Cannot find module '@/shared/Card' or its corresponding type declarations.
src/features/deps/CircularDeps.tsx(7,19): error TS2307: Cannot find module '@/shared/Badge' or its corresponding type declarations.
src/features/deps/DepsLayout.tsx(1,1): error TS6133: 'React' is declared but its value is never read.
src/features/deps/ExternalPackages.tsx(3,18): error TS2307: Cannot find module '@/shared/Card' or its corresponding type declarations.
src/features/deps/ImportGraph.tsx(4,18): error TS2307: Cannot find module '@/shared/Card' or its corresponding type declarations.
src/features/git/FileDetailsPanel.tsx(16,25): error TS2307: Cannot find module './shared' or its corresponding type declarations.
src/features/git/FolderDetailsPanel.tsx(11,25): error TS2307: Cannot find module './shared' or its corresponding type declarations.
src/features/git/FolderTree.tsx(3,51): error TS2307: Cannot find module './shared' or its corresponding type declarations.
src/features/git/HotspotsView.tsx(17,28): error TS2307: Cannot find module '../stores/filterStore' or its corresponding type declarations.
src/features/git/ImpactGraph.tsx(4,10): error TS2305: Module '"../../api/git"' has no exported member 'getImpactGraph'.
src/features/git/ImpactGraph.tsx(4,26): error TS2305: Module '"../../api/git"' has no exported member 'getImpact'.
src/features/git/ImpactGraph.tsx(4,37): error TS2305: Module '"../../api/git"' has no exported member 'getLineage'.
src/features/git/ImpactGraph.tsx(4,65): error TS2305: Module '"../../api/git"' has no exported member 'ApiErrorInfo'.
src/features/git/clustering/ClusteringWorkspace.tsx(2,15): error TS2305: Module '"../../../api/git"' has no exported member 'RepoInfo'.
src/features/git/clustering/components/ClusterCard.tsx(11,29): error TS2307: Cannot find module '@/components/shared' or its corresponding type declarations.
src/features/git/clustering/components/ClusterFilterBar.tsx(9,63): error TS2307: Cannot find module '@/components/shared' or its corresponding type declarations.
src/features/git/clustering/components/ClusterFilterBar.tsx(120,32): error TS7006: Parameter 'v' implicitly has an 'any' type.
src/features/git/clustering/components/ClusterFilterBar.tsx(136,33): error TS7031: Binding element 'min' implicitly has an 'any' type.
src/features/git/clustering/components/ClusterFilterBar.tsx(136,38): error TS7031: Binding element 'max' implicitly has an 'any' type.
src/features/git/clustering/components/ClusterFilterBar.tsx(137,35): error TS7006: Parameter 'v' implicitly has an 'any' type.
src/features/git/clustering/components/ClusterFilterBar.tsx(145,32): error TS7006: Parameter 'v' implicitly has an 'any' type.
src/features/git/clustering/components/ClusterFilterBar.tsx(153,32): error TS7006: Parameter 'v' implicitly has an 'any' type.
src/features/git/clustering/components/ClusterFilterBar.tsx(161,32): error TS7006: Parameter 'v' implicitly has an 'any' type.
src/features/git/clustering/components/ClusterModal.tsx(11,52): error TS2307: Cannot find module '@/components/shared' or its corresponding type declarations.
src/features/git/clustering/components/ClustersTable.tsx(9,29): error TS2307: Cannot find module '@/components/shared' or its corresponding type declarations.
src/features/git/clustering/components/ViewFiltersBar.tsx(11,63): error TS2307: Cannot find module '@/components/shared' or its corresponding type declarations.
src/features/git/clustering/components/ViewFiltersBar.tsx(190,32): error TS7006: Parameter 'v' implicitly has an 'any' type.
src/features/git/clustering/components/ViewFiltersBar.tsx(218,33): error TS7031: Binding element 'min' implicitly has an 'any' type.
src/features/git/clustering/components/ViewFiltersBar.tsx(218,38): error TS7031: Binding element 'max' implicitly has an 'any' type.
src/features/git/clustering/components/ViewFiltersBar.tsx(219,35): error TS7006: Parameter 'v' implicitly has an 'any' type.
src/features/git/clustering/components/ViewFiltersBar.tsx(227,32): error TS7006: Parameter 'v' implicitly has an 'any' type.
src/features/git/clustering/components/ViewFiltersBar.tsx(235,32): error TS7006: Parameter 'v' implicitly has an 'any' type.
src/features/git/clustering/components/ViewFiltersBar.tsx(243,32): error TS7006: Parameter 'v' implicitly has an 'any' type.
src/features/git/clustering/hooks/useSnapshots.ts(13,8): error TS2307: Cannot find module '../../../api' or its corresponding type declarations.
src/features/git/clustering/hooks/useSnapshots.ts(15,36): error TS2307: Cannot find module '../../../api' or its corresponding type declarations.
src/features/git/clustering/index.ts(152,8): error TS2307: Cannot find module '@/components/shared' or its corresponding type declarations.
src/features/git/clustering/types/index.ts(8,36): error TS2307: Cannot find module '../../../api' or its corresponding type declarations.
src/features/git/clustering/ui/ClusterFilters.tsx(10,29): error TS2307: Cannot find module '@/components/shared' or its corresponding type declarations.
src/features/git/clustering/ui/ClusterFilters.tsx(78,33): error TS7031: Binding element 'min' implicitly has an 'any' type.
src/features/git/clustering/ui/ClusterFilters.tsx(78,38): error TS7031: Binding element 'max' implicitly has an 'any' type.
src/features/git/clustering/ui/ClusterFilters.tsx(79,35): error TS7006: Parameter 'v' implicitly has an 'any' type.
src/features/git/clustering/ui/ClusterFilters.tsx(88,36): error TS7006: Parameter 'range' implicitly has an 'any' type.
src/features/git/clustering/ui/ClusterFilters.tsx(99,40): error TS7006: Parameter 'range' implicitly has an 'any' type.
src/features/git/clustering/ui/ClusterFilters.tsx(106,40): error TS7006: Parameter 'range' implicitly has an 'any' type.
src/features/git/clustering/ui/index.ts(36,8): error TS2307: Cannot find module '@/components/shared' or its corresponding type declarations.
src/features/git/clustering/views/ExcalidrawView.tsx(22,48): error TS2307: Cannot find module '@/components/shared' or its corresponding type declarations.
src/features/git/clustering/views/ProjectCity.tsx(18,36): error TS2307: Cannot find module '../../../api' or its corresponding type declarations.
src/features/git/file-details/FileActivityTab.tsx(9,25): error TS2307: Cannot find module '../shared' or its corresponding type declarations.
src/features/git/file-details/FileAuthorsTab.tsx(9,25): error TS2307: Cannot find module '../shared' or its corresponding type declarations.
src/features/git/file-details/FileCommitsTab.tsx(9,25): error TS2307: Cannot find module '../shared' or its corresponding type declarations.
src/features/graph/KnowledgeGraph.tsx(1,1): error TS6133: 'React' is declared but its value is never read.
src/features/repos/RepoList.tsx(4,28): error TS6133: 'ExternalLink' is declared but its value is never read.
src/features/risk/RiskFileTable.tsx(4,18): error TS2307: Cannot find module '@/shared/Card' or its corresponding type declarations.
src/features/risk/RiskFileTable.tsx(5,19): error TS2307: Cannot find module '@/shared/Badge' or its corresponding type declarations.
src/features/risk/RiskLayout.tsx(1,1): error TS6133: 'React' is declared but its value is never read.
src/features/risk/RiskOverview.tsx(3,18): error TS2307: Cannot find module '@/shared/Card' or its corresponding type declarations.
src/features/semantic/BridgeEntities.tsx(4,18): error TS2307: Cannot find module '@/shared/Card' or its corresponding type declarations.
src/features/semantic/BridgeEntities.tsx(5,19): error TS2307: Cannot find module '@/shared/Badge' or its corresponding type declarations.
src/features/semantic/BridgeEntities.tsx(6,21): error TS6133: 'TrendingUp' is declared but its value is never read.
src/features/semantic/DomainDetail.tsx(4,18): error TS2307: Cannot find module '@/shared/Card' or its corresponding type declarations.
src/features/semantic/DomainDetail.tsx(5,19): error TS2307: Cannot find module '@/shared/Badge' or its corresponding type declarations.
src/features/semantic/DomainMap.tsx(5,18): error TS2307: Cannot find module '@/shared/Card' or its corresponding type declarations.
src/features/semantic/DomainMap.tsx(75,28): error TS6133: 'd' is declared but its value is never read.
src/features/semantic/DomainMap.tsx(77,30): error TS6133: 'd' is declared but its value is never read.
src/features/semantic/SemanticLayout.tsx(1,1): error TS6133: 'React' is declared but its value is never read.
src/shared/ErrorNotification.tsx(3,15): error TS2305: Module '"../api/git"' has no exported member 'ApiErrorInfo'.
src/shared/ErrorNotification.tsx(48,43): error TS2339: Property 'code' does not exist on type 'ErrorItem'.
src/shared/ErrorNotification.tsx(51,36): error TS2339: Property 'message' does not exist on type 'ErrorItem'.
src/shared/ErrorNotification.tsx(53,32): error TS2339: Property 'details' does not exist on type 'ErrorItem'.
src/shared/ErrorNotification.tsx(55,60): error TS2339: Property 'details' does not exist on type 'ErrorItem'.
src/types/graph.ts(68,18): error TS2430: Interface 'D3Link' incorrectly extends interface 'GraphEdge'.
  Types of property 'source' are incompatible.
    Type 'D3Node' is not assignable to type 'number'.
